#
# There is insufficient memory for the Java Runtime Environment to continue.
# Native memory allocation (malloc) failed to allocate 520256 bytes for Chunk::new
# Possible reasons:
#   The system is out of physical RAM or swap space
#   In 32 bit mode, the process size limit was hit
# Possible solutions:
#   Reduce memory load on the system
#   Increase physical memory or swap space
#   Check if swap backing store is full
#   Use 64 bit Java on a 64 bit OS
#   Decrease Java heap size (-Xmx/-Xms)
#   Decrease number of Java threads
#   Decrease Java thread stack sizes (-Xss)
#   Set larger code cache with -XX:ReservedCodeCacheSize=
# This output file may be truncated or incomplete.
#
#  Out of Memory Error (allocation.cpp:390), pid=1360, tid=0x0000000000001534
#
# JRE version: OpenJDK Runtime Environment (8.0_112-b06) (build 1.8.0_112-release-b06)
# Java VM: OpenJDK 64-Bit Server VM (25.112-b06 mixed mode windows-amd64 compressed oops)
# Failed to write core dump. Minidumps are not enabled by default on client versions of Windows
#

---------------  T H R E A D  ---------------

Current thread (0x0000000016bd1000):  JavaThread "C2 CompilerThread0" daemon [_thread_in_native, id=5428, stack(0x0000000018520000,0x0000000018620000)]

Stack: [0x0000000018520000,0x0000000018620000]
[error occurred during error reporting (printing stack bounds), id 0xc0000005]

Native frames: (J=compiled Java code, j=interpreted, Vv=VM code, C=native code)


Current CompileTask:
C2:20228608 25002       4       sun.nio.fs.WindowsFileSystemProvider::readAttributes (63 bytes)


---------------  P R O C E S S  ---------------

Java Threads: ( => current thread )
  0x000000001b63c000 JavaThread "Stdin handler" [_thread_blocked, id=2184, stack(0x0000000030180000,0x0000000030280000)]
  0x000000001b634800 JavaThread "Asynchronous log dispatcher for DefaultDaemonConnection: socket connection from /127.0.0.1:6831 to /127.0.0.1:1145" [_thread_blocked, id=10484, stack(0x0000000030080000,0x0000000030180000)]
  0x000000001b63a800 JavaThread "Daemon worker Thread 12" [_thread_in_native, id=9304, stack(0x000000002ff80000,0x0000000030080000)]
  0x000000001b634000 JavaThread "Cancel handler" [_thread_blocked, id=4280, stack(0x000000002fe80000,0x000000002ff80000)]
  0x000000001b63a000 JavaThread "Handler for socket connection from /127.0.0.1:6831 to /127.0.0.1:1145" [_thread_in_native, id=2364, stack(0x000000002fd80000,0x000000002fe80000)]
  0x000000001b637000 JavaThread "Daemon Thread 12" [_thread_blocked, id=7852, stack(0x000000002fc80000,0x000000002fd80000)]
  0x000000001df9e000 JavaThread "pool-11-thread-4" [_thread_blocked, id=12508, stack(0x0000000029180000,0x0000000029280000)]
  0x000000001df9f000 JavaThread "pool-11-thread-3" [_thread_blocked, id=12540, stack(0x0000000029080000,0x0000000029180000)]
  0x000000001df96000 JavaThread "pool-11-thread-2" [_thread_blocked, id=10136, stack(0x0000000028f80000,0x0000000029080000)]
  0x000000001df9c800 JavaThread "pool-11-thread-1" [_thread_blocked, id=13088, stack(0x0000000028e80000,0x0000000028f80000)]
  0x000000001b9e1800 JavaThread "File lock request listener" [_thread_in_native, id=2376, stack(0x000000001d380000,0x000000001d480000)]
  0x0000000018f2c800 JavaThread "pool-1-thread-1" [_thread_blocked, id=8304, stack(0x000000001ace0000,0x000000001ade0000)]
  0x0000000019566800 JavaThread "Incoming local TCP Connector on port 6831" [_thread_in_native, id=3668, stack(0x000000001a4f0000,0x000000001a5f0000)]
  0x0000000017fb0000 JavaThread "Service Thread" daemon [_thread_blocked, id=84, stack(0x0000000018820000,0x0000000018920000)]
  0x0000000017f2c000 JavaThread "C1 CompilerThread2" daemon [_thread_blocked, id=8584, stack(0x0000000018720000,0x0000000018820000)]
  0x0000000016c1b000 JavaThread "C2 CompilerThread1" daemon [_thread_blocked, id=6384, stack(0x0000000018620000,0x0000000018720000)]
=>0x0000000016bd1000 JavaThread "C2 CompilerThread0" daemon [_thread_in_native, id=5428, stack(0x0000000018520000,0x0000000018620000)]
  0x0000000016bd0000 JavaThread "Attach Listener" daemon [_thread_blocked, id=4196, stack(0x0000000018420000,0x0000000018520000)]
  0x0000000017f28800 JavaThread "Signal Dispatcher" daemon [_thread_blocked, id=6200, stack(0x0000000018320000,0x0000000018420000)]
  0x0000000003249000 JavaThread "Finalizer" daemon [_thread_blocked, id=8844, stack(0x0000000017e20000,0x0000000017f20000)]
  0x0000000003240000 JavaThread "Reference Handler" daemon [_thread_blocked, id=2616, stack(0x0000000017d20000,0x0000000017e20000)]
  0x0000000003150800 JavaThread "main" [_thread_blocked, id=8512, stack(0x0000000003050000,0x0000000003150000)]

Other Threads:
  0x0000000016b85000 VMThread [stack: 0x0000000017c20000,0x0000000017d20000] [id=3712]
  0x0000000017fb5000 WatcherThread [stack: 0x0000000018920000,0x0000000018a20000] [id=6620]

VM state:not at safepoint (normal execution)

VM Mutex/Monitor currently owned by a thread: None

Heap:
 PSYoungGen      total 372224K, used 31179K [0x00000000e0000000, 0x00000000faa80000, 0x0000000100000000)
  eden space 318976K, 7% used [0x00000000e0000000,0x00000000e18e2c00,0x00000000f3780000)
  from space 53248K, 10% used [0x00000000f7680000,0x00000000f7c10088,0x00000000faa80000)
  to   space 58880K, 0% used [0x00000000f3780000,0x00000000f3780000,0x00000000f7100000)
 ParOldGen       total 148480K, used 103560K [0x00000000a0000000, 0x00000000a9100000, 0x00000000e0000000)
  object space 148480K, 69% used [0x00000000a0000000,0x00000000a6522230,0x00000000a9100000)
 Metaspace       used 87265K, capacity 93590K, committed 93912K, reserved 1132544K
  class space    used 10715K, capacity 11641K, committed 11736K, reserved 1048576K

Card table byte_map: [0x0000000012610000,0x0000000012920000] byte_map_base: 0x0000000012110000

Marking Bits: (ParMarkBitMap*) 0x000000005fa418f0
 Begin Bits: [0x0000000012f20000, 0x0000000014720000)
 End Bits:   [0x0000000014720000, 0x0000000015f20000)

Polling page: 0x0000000002b90000

CodeCache: size=245760Kb used=70173Kb max_used=70384Kb free=175586Kb
 bounds [0x0000000003250000, 0x0000000007790000, 0x0000000012250000]
 total_blobs=19926 nmethods=19097 adapters=740
 compilation: enabled

Compilation events (10 events):
Event: 20225.096 Thread 0x0000000016bd1000 24999       4       org.codehaus.groovy.reflection.stdclasses.StringCachedClass::coerceArgument (16 bytes)
Event: 20225.097 Thread 0x0000000016bd1000 nmethod 24999 0x0000000006513ed0 code [0x0000000006514000, 0x00000000065140b8]
Event: 20225.098 Thread 0x0000000016bd1000 25000       4       groovy.lang.GroovyObjectSupport::getMetaClass (23 bytes)
Event: 20225.099 Thread 0x0000000016bd1000 nmethod 25000 0x0000000003732f90 code [0x00000000037330c0, 0x0000000003733138]
Event: 20225.382 Thread 0x0000000016bd1000 25001       4       sun.nio.fs.WindowsFileAttributes::fromFileAttributeData (104 bytes)
Event: 20225.384 Thread 0x0000000016bd1000 nmethod 25001 0x0000000003ba8f90 code [0x0000000003ba90e0, 0x0000000003ba91f8]
Event: 20225.397 Thread 0x0000000016bd1000 25002       4       sun.nio.fs.WindowsFileSystemProvider::readAttributes (63 bytes)
Event: 20225.416 Thread 0x0000000016c1b000 nmethod 24998 0x0000000007770250 code [0x00000000077709c0, 0x0000000007776cf0]
Event: 20225.416 Thread 0x0000000016c1b000 25003       4       sun.nio.fs.WindowsFileSystemProvider::getFileAttributeView (118 bytes)
Event: 20225.420 Thread 0x0000000016c1b000 nmethod 25003 0x0000000003d00a10 code [0x0000000003d00b60, 0x0000000003d00d98]

GC Heap History (10 events):
Event: 19091.279 GC heap before
{Heap before GC invocations=62 (full 4):
 PSYoungGen      total 310784K, used 246729K [0x00000000e0000000, 0x00000000f9800000, 0x0000000100000000)
  eden space 241664K, 100% used [0x00000000e0000000,0x00000000eec00000,0x00000000eec00000)
  from space 69120K, 7% used [0x00000000eec00000,0x00000000ef0f2520,0x00000000f2f80000)
  to   space 67584K, 0% used [0x00000000f5600000,0x00000000f5600000,0x00000000f9800000)
 ParOldGen       total 148480K, used 93607K [0x00000000a0000000, 0x00000000a9100000, 0x00000000e0000000)
  object space 148480K, 63% used [0x00000000a0000000,0x00000000a5b69d38,0x00000000a9100000)
 Metaspace       used 86277K, capacity 91890K, committed 92120K, reserved 1130496K
  class space    used 10600K, capacity 11461K, committed 11480K, reserved 1048576K
Event: 19091.311 GC heap after
Heap after GC invocations=62 (full 4):
 PSYoungGen      total 335872K, used 21264K [0x00000000e0000000, 0x00000000f8c80000, 0x0000000100000000)
  eden space 280064K, 0% used [0x00000000e0000000,0x00000000e0000000,0x00000000f1180000)
  from space 55808K, 38% used [0x00000000f5600000,0x00000000f6ac40e0,0x00000000f8c80000)
  to   space 62976K, 0% used [0x00000000f1180000,0x00000000f1180000,0x00000000f4f00000)
 ParOldGen       total 148480K, used 93759K [0x00000000a0000000, 0x00000000a9100000, 0x00000000e0000000)
  object space 148480K, 63% used [0x00000000a0000000,0x00000000a5b8fd38,0x00000000a9100000)
 Metaspace       used 86277K, capacity 91890K, committed 92120K, reserved 1130496K
  class space    used 10600K, capacity 11461K, committed 11480K, reserved 1048576K
}
Event: 19093.426 GC heap before
{Heap before GC invocations=63 (full 4):
 PSYoungGen      total 335872K, used 300691K [0x00000000e0000000, 0x00000000f8c80000, 0x0000000100000000)
  eden space 280064K, 99% used [0x00000000e0000000,0x00000000f10e0d78,0x00000000f1180000)
  from space 55808K, 38% used [0x00000000f5600000,0x00000000f6ac40e0,0x00000000f8c80000)
  to   space 62976K, 0% used [0x00000000f1180000,0x00000000f1180000,0x00000000f4f00000)
 ParOldGen       total 148480K, used 93759K [0x00000000a0000000, 0x00000000a9100000, 0x00000000e0000000)
  object space 148480K, 63% used [0x00000000a0000000,0x00000000a5b8fd38,0x00000000a9100000)
 Metaspace       used 86374K, capacity 92024K, committed 92120K, reserved 1130496K
  class space    used 10601K, capacity 11462K, committed 11480K, reserved 1048576K
Event: 19093.442 GC heap after
Heap after GC invocations=63 (full 4):
 PSYoungGen      total 343040K, used 7613K [0x00000000e0000000, 0x00000000fb200000, 0x0000000100000000)
  eden space 280064K, 0% used [0x00000000e0000000,0x00000000e0000000,0x00000000f1180000)
  from space 62976K, 12% used [0x00000000f1180000,0x00000000f18ef680,0x00000000f4f00000)
  to   space 60928K, 0% used [0x00000000f7680000,0x00000000f7680000,0x00000000fb200000)
 ParOldGen       total 148480K, used 102297K [0x00000000a0000000, 0x00000000a9100000, 0x00000000e0000000)
  object space 148480K, 68% used [0x00000000a0000000,0x00000000a63e6438,0x00000000a9100000)
 Metaspace       used 86374K, capacity 92024K, committed 92120K, reserved 1130496K
  class space    used 10601K, capacity 11462K, committed 11480K, reserved 1048576K
}
Event: 20076.880 GC heap before
{Heap before GC invocations=64 (full 4):
 PSYoungGen      total 343040K, used 287677K [0x00000000e0000000, 0x00000000fb200000, 0x0000000100000000)
  eden space 280064K, 100% used [0x00000000e0000000,0x00000000f1180000,0x00000000f1180000)
  from space 62976K, 12% used [0x00000000f1180000,0x00000000f18ef680,0x00000000f4f00000)
  to   space 60928K, 0% used [0x00000000f7680000,0x00000000f7680000,0x00000000fb200000)
 ParOldGen       total 148480K, used 102297K [0x00000000a0000000, 0x00000000a9100000, 0x00000000e0000000)
  object space 148480K, 68% used [0x00000000a0000000,0x00000000a63e6438,0x00000000a9100000)
 Metaspace       used 86647K, capacity 92452K, committed 92760K, reserved 1130496K
  class space    used 10633K, capacity 11508K, committed 11608K, reserved 1048576K
Event: 20076.891 GC heap after
Heap after GC invocations=64 (full 4):
 PSYoungGen      total 372224K, used 8847K [0x00000000e0000000, 0x00000000faa80000, 0x0000000100000000)
  eden space 318976K, 0% used [0x00000000e0000000,0x00000000e0000000,0x00000000f3780000)
  from space 53248K, 16% used [0x00000000f7680000,0x00000000f7f23cf0,0x00000000faa80000)
  to   space 58880K, 0% used [0x00000000f3780000,0x00000000f3780000,0x00000000f7100000)
 ParOldGen       total 148480K, used 102563K [0x00000000a0000000, 0x00000000a9100000, 0x00000000e0000000)
  object space 148480K, 69% used [0x00000000a0000000,0x00000000a6428f80,0x00000000a9100000)
 Metaspace       used 86647K, capacity 92452K, committed 92760K, reserved 1130496K
  class space    used 10633K, capacity 11508K, committed 11608K, reserved 1048576K
}
Event: 20115.962 GC heap before
{Heap before GC invocations=65 (full 4):
 PSYoungGen      total 372224K, used 327823K [0x00000000e0000000, 0x00000000faa80000, 0x0000000100000000)
  eden space 318976K, 100% used [0x00000000e0000000,0x00000000f3780000,0x00000000f3780000)
  from space 53248K, 16% used [0x00000000f7680000,0x00000000f7f23cf0,0x00000000faa80000)
  to   space 58880K, 0% used [0x00000000f3780000,0x00000000f3780000,0x00000000f7100000)
 ParOldGen       total 148480K, used 102563K [0x00000000a0000000, 0x00000000a9100000, 0x00000000e0000000)
  object space 148480K, 69% used [0x00000000a0000000,0x00000000a6428f80,0x00000000a9100000)
 Metaspace       used 87155K, capacity 93428K, committed 93656K, reserved 1130496K
  class space    used 10704K, capacity 11630K, committed 11736K, reserved 1048576K
Event: 20115.999 GC heap after
Heap after GC invocations=65 (full 4):
 PSYoungGen      total 377856K, used 34740K [0x00000000e0000000, 0x00000000faa80000, 0x0000000100000000)
  eden space 318976K, 0% used [0x00000000e0000000,0x00000000e0000000,0x00000000f3780000)
  from space 58880K, 59% used [0x00000000f3780000,0x00000000f596d278,0x00000000f7100000)
  to   space 53248K, 0% used [0x00000000f7680000,0x00000000f7680000,0x00000000faa80000)
 ParOldGen       total 148480K, used 103067K [0x00000000a0000000, 0x00000000a9100000, 0x00000000e0000000)
  object space 148480K, 69% used [0x00000000a0000000,0x00000000a64a6fe0,0x00000000a9100000)
 Metaspace       used 87155K, capacity 93428K, committed 93656K, reserved 1130496K
  class space    used 10704K, capacity 11630K, committed 11736K, reserved 1048576K
}
Event: 20224.433 GC heap before
{Heap before GC invocations=66 (full 4):
 PSYoungGen      total 377856K, used 353716K [0x00000000e0000000, 0x00000000faa80000, 0x0000000100000000)
  eden space 318976K, 100% used [0x00000000e0000000,0x00000000f3780000,0x00000000f3780000)
  from space 58880K, 59% used [0x00000000f3780000,0x00000000f596d278,0x00000000f7100000)
  to   space 53248K, 0% used [0x00000000f7680000,0x00000000f7680000,0x00000000faa80000)
 ParOldGen       total 148480K, used 103067K [0x00000000a0000000, 0x00000000a9100000, 0x00000000e0000000)
  object space 148480K, 69% used [0x00000000a0000000,0x00000000a64a6fe0,0x00000000a9100000)
 Metaspace       used 87260K, capacity 93590K, committed 93912K, reserved 1132544K
  class space    used 10715K, capacity 11641K, committed 11736K, reserved 1048576K
Event: 20224.441 GC heap after
Heap after GC invocations=66 (full 4):
 PSYoungGen      total 372224K, used 5696K [0x00000000e0000000, 0x00000000faa80000, 0x0000000100000000)
  eden space 318976K, 0% used [0x00000000e0000000,0x00000000e0000000,0x00000000f3780000)
  from space 53248K, 10% used [0x00000000f7680000,0x00000000f7c10088,0x00000000faa80000)
  to   space 58880K, 0% used [0x00000000f3780000,0x00000000f3780000,0x00000000f7100000)
 ParOldGen       total 148480K, used 103560K [0x00000000a0000000, 0x00000000a9100000, 0x00000000e0000000)
  object space 148480K, 69% used [0x00000000a0000000,0x00000000a6522230,0x00000000a9100000)
 Metaspace       used 87260K, capacity 93590K, committed 93912K, reserved 1132544K
  class space    used 10715K, capacity 11641K, committed 11736K, reserved 1048576K
}

Deoptimization events (10 events):
Event: 19092.436 Thread 0x000000001df96000 Uncommon trap: reason=class_check action=maybe_recompile pc=0x00000000071cb744 method=java.io.DataOutputStream.writeBytes(Ljava/lang/String;)V @ 22
Event: 20074.757 Thread 0x000000001df93800 Uncommon trap: reason=unstable_if action=reinterpret pc=0x000000000688a6a0 method=sun.nio.ch.FileChannelImpl.tryLock(JJZ)Ljava/nio/channels/FileLock; @ 120
Event: 20074.757 Thread 0x000000001df93800 Uncommon trap: reason=unstable_if action=reinterpret pc=0x0000000006cbe568 method=org.gradle.cache.internal.DefaultFileLockManager$DefaultFileLock.lockStateRegion(Lorg/gradle/cache/internal/FileLockManager$LockMode;Lorg/gradle/internal/time/CountdownTimer;À(çË=õ”@
Event: 20076.967 Thread 0x000000001df93800 Uncommon trap: reason=class_check action=maybe_recompile pc=0x0000000005e5adc0 method=com.google.common.collect.Iterators$5.hasNext()Z @ 7
Event: 20077.188 Thread 0x000000001df93800 Uncommon trap: reason=class_check action=maybe_recompile pc=0x0000000005e5adc0 method=com.google.common.collect.Iterators$5.hasNext()Z @ 7
Event: 20077.273 Thread 0x000000001df93800 Uncommon trap: reason=class_check action=maybe_recompile pc=0x0000000005e5adc0 method=com.google.common.collect.Iterators$5.hasNext()Z @ 7
Event: 20077.373 Thread 0x000000001df93800 Uncommon trap: reason=class_check action=maybe_recompile pc=0x0000000005e5adc0 method=com.google.common.collect.Iterators$5.hasNext()Z @ 7
Event: 20081.343 Thread 0x000000001df93800 Uncommon trap: reason=bimorphic action=maybe_recompile pc=0x0000000004d2689c method=org.gradle.internal.logging.text.AbstractStyledTextOutput.text(Ljava/lang/Object;)Lorg/gradle/internal/logging/text/StyledTextOutput; @ 11
Event: 20111.035 Thread 0x000000001df93800 Uncommon trap: reason=unstable_if action=reinterpret pc=0x0000000006c4d5b0 method=org.eclipse.jdt.internal.compiler.lookup.FieldBinding.isUsed()Z @ 8
Event: 20116.370 Thread 0x000000001df93800 Uncommon trap: reason=bimorphic action=maybe_recompile pc=0x00000000063fd870 method=com.sun.tools.javac.comp.Attr.attribLazyConstantValue(Lcom/sun/tools/javac/comp/Env;Lcom/sun/tools/javac/tree/JCTree$JCVariableDecl;Lcom/sun/tools/javac/code/Type;)Ljava/laâ^Ì•“@

Internal exceptions (10 events):
Event: 20225.433 Thread 0x000000001b63a800 Exception <a 'sun/nio/fs/WindowsException'> (0x00000000e18b8a40) thrown at [C:\src\android\AOSP-openjdk\external\jetbrains\jdk\hotspot\src\share\vm\prims\jni.cpp, line 709]
Event: 20225.433 Thread 0x000000001b63a800 Exception <a 'sun/nio/fs/WindowsException'> (0x00000000e18b9390) thrown at [C:\src\android\AOSP-openjdk\external\jetbrains\jdk\hotspot\src\share\vm\prims\jni.cpp, line 709]
Event: 20225.434 Thread 0x000000001b63a800 Exception <a 'sun/nio/fs/WindowsException'> (0x00000000e18bc728) thrown at [C:\src\android\AOSP-openjdk\external\jetbrains\jdk\hotspot\src\share\vm\prims\jni.cpp, line 709]
Event: 20225.434 Thread 0x000000001b63a800 Exception <a 'sun/nio/fs/WindowsException'> (0x00000000e18bd058) thrown at [C:\src\android\AOSP-openjdk\external\jetbrains\jdk\hotspot\src\share\vm\prims\jni.cpp, line 709]
Event: 20225.435 Thread 0x000000001b63a800 Exception <a 'sun/nio/fs/WindowsException'> (0x00000000e18beb58) thrown at [C:\src\android\AOSP-openjdk\external\jetbrains\jdk\hotspot\src\share\vm\prims\jni.cpp, line 709]
Event: 20225.435 Thread 0x000000001b63a800 Exception <a 'sun/nio/fs/WindowsException'> (0x00000000e18bf498) thrown at [C:\src\android\AOSP-openjdk\external\jetbrains\jdk\hotspot\src\share\vm\prims\jni.cpp, line 709]
Event: 20225.446 Thread 0x000000001b63a800 Exception <a 'sun/nio/fs/WindowsException'> (0x00000000e18c27d8) thrown at [C:\src\android\AOSP-openjdk\external\jetbrains\jdk\hotspot\src\share\vm\prims\jni.cpp, line 709]
Event: 20225.447 Thread 0x000000001b63a800 Exception <a 'sun/nio/fs/WindowsException'> (0x00000000e18c30e8) thrown at [C:\src\android\AOSP-openjdk\external\jetbrains\jdk\hotspot\src\share\vm\prims\jni.cpp, line 709]
Event: 20225.447 Thread 0x000000001b63a800 Exception <a 'sun/nio/fs/WindowsException'> (0x00000000e18c4b98) thrown at [C:\src\android\AOSP-openjdk\external\jetbrains\jdk\hotspot\src\share\vm\prims\jni.cpp, line 709]
Event: 20225.447 Thread 0x000000001b63a800 Exception <a 'sun/nio/fs/WindowsException'> (0x00000000e18c54c8) thrown at [C:\src\android\AOSP-openjdk\external\jetbrains\jdk\hotspot\src\share\vm\prims\jni.cpp, line 709]

Events (10 events):
Event: 20225.094 Executing VM operation: RevokeBias
Event: 20225.094 Executing VM operation: RevokeBias done
Event: 20225.094 Executing VM operation: RevokeBias
Event: 20225.094 Executing VM operation: RevokeBias done
Event: 20225.094 Executing VM operation: RevokeBias
Event: 20225.094 Executing VM operation: RevokeBias done
Event: 20225.094 Executing VM operation: RevokeBias
Event: 20225.094 Executing VM operation: RevokeBias done
Event: 20225.094 Executing VM operation: BulkRevokeBias
Event: 20225.094 Executing VM operation: BulkRevokeBias done


Dynamic libraries:
0x00007ff73dd70000 - 0x00007ff73dda1000 	D:\Android\android_studio\jre\bin\java.exe
0x00007fff043f0000 - 0x00007fff045c1000 	C:\Windows\SYSTEM32\ntdll.dll
0x00007fff03b70000 - 0x00007fff03c1b000 	C:\Windows\System32\KERNEL32.DLL
0x00007fff00c90000 - 0x00007fff00ead000 	C:\Windows\System32\KERNELBASE.dll
0x00007fff032b0000 - 0x00007fff03352000 	C:\Windows\System32\ADVAPI32.dll
0x00007fff03360000 - 0x00007fff033fe000 	C:\Windows\System32\msvcrt.dll
0x00007fff03400000 - 0x00007fff03459000 	C:\Windows\System32\sechost.dll
0x00007fff03990000 - 0x00007fff03ab1000 	C:\Windows\System32\RPCRT4.dll
0x00007fff03d90000 - 0x00007fff03ef5000 	C:\Windows\System32\USER32.dll
0x00007fff01000000 - 0x00007fff0101e000 	C:\Windows\System32\win32u.dll
0x00007fff03ac0000 - 0x00007fff03af4000 	C:\Windows\System32\GDI32.dll
0x00007fff008e0000 - 0x00007fff00a62000 	C:\Windows\System32\gdi32full.dll
0x00007ffef64c0000 - 0x00007ffef673a000 	C:\Windows\WinSxS\amd64_microsoft.windows.common-controls_6595b64144ccf1df_6.0.14393.726_none_42181c01c683592f\COMCTL32.dll
0x00007fff03460000 - 0x00007fff03728000 	C:\Windows\System32\combase.dll
0x00007fff01820000 - 0x00007fff01915000 	C:\Windows\System32\ucrtbase.dll
0x00007fff017b0000 - 0x00007fff0181a000 	C:\Windows\System32\bcryptPrimitives.dll
0x00007fff038f0000 - 0x00007fff0391e000 	C:\Windows\System32\IMM32.DLL
0x000000005f0c0000 - 0x000000005f192000 	D:\Android\android_studio\jre\jre\bin\msvcr100.dll
0x000000005f280000 - 0x000000005fabc000 	D:\Android\android_studio\jre\jre\bin\server\jvm.dll
0x00007fff01b20000 - 0x00007fff01b28000 	C:\Windows\System32\PSAPI.DLL
0x00007ffefda10000 - 0x00007ffefda19000 	C:\Windows\SYSTEM32\WSOCK32.dll
0x00007fff03920000 - 0x00007fff0398a000 	C:\Windows\System32\WS2_32.dll
0x00007ffefe9b0000 - 0x00007ffefe9d3000 	C:\Windows\SYSTEM32\WINMM.dll
0x00007ffef91b0000 - 0x00007ffef91ba000 	C:\Windows\SYSTEM32\VERSION.dll
0x00007ffefe950000 - 0x00007ffefe97b000 	C:\Windows\SYSTEM32\WINMMBASE.dll
0x00007fff00a70000 - 0x00007fff00ab2000 	C:\Windows\System32\cfgmgr32.dll
0x00007ffefec40000 - 0x00007ffefec4f000 	D:\Android\android_studio\jre\jre\bin\verify.dll
0x00007ffefa850000 - 0x00007ffefa879000 	D:\Android\android_studio\jre\jre\bin\java.dll
0x00007ffefec20000 - 0x00007ffefec36000 	D:\Android\android_studio\jre\jre\bin\zip.dll
0x00007fff01d90000 - 0x00007fff03299000 	C:\Windows\System32\SHELL32.dll
0x00007fff010d0000 - 0x00007fff017aa000 	C:\Windows\System32\windows.storage.dll
0x00007fff00880000 - 0x00007fff008cc000 	C:\Windows\System32\powrprof.dll
0x00007fff01ac0000 - 0x00007fff01b12000 	C:\Windows\System32\shlwapi.dll
0x00007fff008d0000 - 0x00007fff008df000 	C:\Windows\System32\kernel.appcore.dll
0x00007fff00eb0000 - 0x00007fff00f59000 	C:\Windows\System32\shcore.dll
0x00007fff00850000 - 0x00007fff00864000 	C:\Windows\System32\profapi.dll
0x00007ffefa830000 - 0x00007ffefa84a000 	D:\Android\android_studio\jre\jre\bin\net.dll
0x00007fff00180000 - 0x00007fff001dc000 	C:\Windows\system32\mswsock.dll
0x00007ffefa810000 - 0x00007ffefa821000 	D:\Android\android_studio\jre\jre\bin\nio.dll
0x00007ffef4d40000 - 0x00007ffef4d5e000 	C:\Users\Administrator\.gradle\native\23\windows-amd64\native-platform.dll
0x00007fff00320000 - 0x00007fff00337000 	C:\Windows\SYSTEM32\CRYPTSP.dll
0x00007ffeffd90000 - 0x00007ffeffdc3000 	C:\Windows\system32\rsaenh.dll
0x00007fff00430000 - 0x00007fff0045b000 	C:\Windows\SYSTEM32\bcrypt.dll
0x00007fff00000000 - 0x00007fff0001f000 	C:\Windows\SYSTEM32\USERENV.dll
0x00007fff00340000 - 0x00007fff0034b000 	C:\Windows\SYSTEM32\CRYPTBASE.dll
0x00007ffefff10000 - 0x00007ffefff48000 	C:\Windows\SYSTEM32\IPHLPAPI.DLL
0x00007fff03c80000 - 0x00007fff03c88000 	C:\Windows\System32\NSI.dll
0x00007ffef5950000 - 0x00007ffef5966000 	C:\Windows\SYSTEM32\dhcpcsvc6.DLL
0x00007ffef58f0000 - 0x00007ffef590a000 	C:\Windows\SYSTEM32\dhcpcsvc.DLL
0x00007ffefce50000 - 0x00007ffefce5d000 	D:\Android\android_studio\jre\jre\bin\management.dll
0x00007ffeffc60000 - 0x00007ffeffc92000 	C:\Windows\SYSTEM32\ntmarta.dll

VM Arguments:
jvm_args: -Xmx1536m -Dfile.encoding=GBK -Duser.country=CN -Duser.language=zh -Duser.variant 
java_command: org.gradle.launcher.daemon.bootstrap.GradleDaemon 3.3
java_class_path (initial): C:\Users\Administrator\.gradle\wrapper\dists\gradle-3.3-all\55gk2rcmfc6p2dg9u9ohc3hw9\gradle-3.3\lib\gradle-launcher-3.3.jar
Launcher Type: SUN_STANDARD

Environment Variables:
JAVA_HOME=D:\Java\jdk\
PATH=D:\develop\python\Scripts\;D:\develop\python\;C:\ProgramData\Oracle\Java\javapath;C:\Windows\system32;C:\Windows;C:\Windows\System32\Wbem;C:\Windows\System32\WindowsPowerShell\v1.0\;C:\Program Files (x86)\NVIDIA Corporation\PhysX\Common;C:\Users\Administrator\AppData\Local\Microsoft\WindowsApps;;D:\Java\jdk\\bin;;D:\Android\android-sdk\platform-tools;D:\Android\android-sdk\tools;
USERNAME=Administrator
OS=Windows_NT
PROCESSOR_IDENTIFIER=Intel64 Family 6 Model 61 Stepping 4, GenuineIntel



---------------  S Y S T E M  ---------------

OS: Windows 10.0 , 64 bit Build 14393 (10.0.14393.0)

CPU:total 4 (2 cores per cpu, 2 threads per core) family 6 model 61 stepping 4, cmov, cx8, fxsr, mmx, sse, sse2, sse3, ssse3, sse4.1, sse4.2, popcnt, avx, avx2, aes, clmul, erms, 3dnowpref, lzcnt, ht, tsc, tscinvbit, bmi1, bmi2, adx

Memory: 4k page, physical 8252792k(1217636k free), swap 8252792k(4212k free)

vm_info: OpenJDK 64-Bit Server VM (25.112-b06) for windows-amd64 JRE (1.8.0_112-release-b06), built on Dec  8 2016 00:54:26 by "builder" with MS VC++ 10.0 (VS2010)

time: Mon Feb 05 15:54:27 2018
elapsed time: 20225 seconds (0d 5h 37m 5s)

